<?xml version="1.0" encoding="UTF-8"?>
<!-- Generated by org.testng.reporters.JUnitReportReporter -->
<testsuite skipped="0" hostname="DESKTOP-O7HFG9C" name="com.DataDriven.NewUserRegistration" tests="2" failures="0" timestamp="03 May 2018 17:47:29 GMT" time="36.506" errors="0">
  <testcase name="Register" time="2.756" classname="com.DataDriven.NewUserRegistration"/>
  <testcase name="NewUserRegistration" time="33.750" classname="com.DataDriven.NewUserRegistration"/>
</testsuite> <!-- com.DataDriven.NewUserRegistration -->
