<?xml version="1.0" encoding="UTF-8"?>
<!-- Generated by org.testng.reporters.JUnitReportReporter -->
<testsuite skipped="0" hostname="DESKTOP-O7HFG9C" name="com.KeyWord.NewTours_LogInTesting" tests="1" failures="0" timestamp="03 May 2018 17:50:24 GMT" time="4.179" errors="0">
  <testcase name="LogIn" time="4.179" classname="com.KeyWord.NewTours_LogInTesting"/>
</testsuite> <!-- com.KeyWord.NewTours_LogInTesting -->
