<?xml version="1.0" encoding="UTF-8"?>
<!-- Generated by org.testng.reporters.JUnitReportReporter -->
<testsuite skipped="0" hostname="DESKTOP-O7HFG9C" name="com.DataDriven.NewToursLogInTesting" tests="2" failures="0" timestamp="17 Apr 2018 18:35:32 GMT" time="28.915" errors="0">
  <testcase name="Register" time="0.828" classname="com.DataDriven.NewToursLogInTesting"/>
  <testcase name="NewUserRegistration" time="28.087" classname="com.DataDriven.NewToursLogInTesting"/>
</testsuite> <!-- com.DataDriven.NewToursLogInTesting -->
