<?xml version="1.0" encoding="UTF-8"?>
<!-- Generated by org.testng.reporters.JUnitReportReporter -->
<testsuite skipped="0" hostname="DESKTOP-O7HFG9C" name="com.POM.NewToursApplicationTesting" tests="1" failures="0" timestamp="23 Apr 2018 18:02:31 GMT" time="15.476" errors="0">
  <testcase name="HomePage" time="15.476" classname="com.POM.NewToursApplicationTesting"/>
</testsuite> <!-- com.POM.NewToursApplicationTesting -->
