<?xml version="1.0" encoding="UTF-8"?>
<!-- Generated by org.testng.reporters.JUnitReportReporter -->
<testsuite name="com.NewToursLogInTest.MyMavenProject.LogInTest" tests="1" time="3.745" ignored="0" failures="0" timestamp="30 Apr 2018 18:04:39 GMT" skipped="0" hostname="DESKTOP-O7HFG9C" errors="0">
  <testcase name="LogIn" time="3.745" classname="com.NewToursLogInTest.MyMavenProject.LogInTest"/>
</testsuite> <!-- com.NewToursLogInTest.MyMavenProject.LogInTest -->
